Flow report for neural_network_top
Fri Nov 15 20:54:01 2024
Quartus Prime Version 18.0.0 Build 614 04/24/2018 SJ Standard Edition


---------------------
; Table of Contents ;
---------------------
  1. Legal Notice
  2. Flow Summary
  3. Flow Settings
  4. Flow Non-Default Global Settings
  5. Flow Elapsed Time
  6. Flow OS Summary
  7. Flow Log
  8. Flow Messages
  9. Flow Suppressed Messages



----------------
; Legal Notice ;
----------------
Copyright (C) 2018  Intel Corporation. All rights reserved.
Your use of Intel Corporation's design tools, logic functions 
and other software and tools, and its AMPP partner logic 
functions, and any output files from any of the foregoing 
(including device programming or simulation files), and any 
associated documentation or information are expressly subject 
to the terms and conditions of the Intel Program License 
Subscription Agreement, the Intel Quartus Prime License Agreement,
the Intel FPGA IP License Agreement, or other applicable license
agreement, including, without limitation, that your use is for
the sole purpose of programming logic devices manufactured by
Intel and sold by Intel or its authorized distributors.  Please
refer to the applicable agreement for further details.



+-----------------------------------------------------------------------------------+
; Flow Summary                                                                      ;
+---------------------------------+-------------------------------------------------+
; Flow Status                     ; Successful - Fri Nov 15 20:53:54 2024           ;
; Quartus Prime Version           ; 18.0.0 Build 614 04/24/2018 SJ Standard Edition ;
; Revision Name                   ; neural_network_top                              ;
; Top-level Entity Name           ; neural_network_top                              ;
; Family                          ; Cyclone V                                       ;
; Device                          ; 5CSEMA5F31C6                                    ;
; Timing Models                   ; Final                                           ;
; Logic utilization (in ALMs)     ; 7,568 / 32,070 ( 24 % )                         ;
; Total registers                 ; 1092                                            ;
; Total pins                      ; 19 / 457 ( 4 % )                                ;
; Total virtual pins              ; 0                                               ;
; Total block memory bits         ; 11,392 / 4,065,280 ( < 1 % )                    ;
; Total DSP Blocks                ; 24 / 87 ( 28 % )                                ;
; Total HSSI RX PCSs              ; 0                                               ;
; Total HSSI PMA RX Deserializers ; 0                                               ;
; Total HSSI TX PCSs              ; 0                                               ;
; Total HSSI PMA TX Serializers   ; 0                                               ;
; Total PLLs                      ; 0 / 6 ( 0 % )                                   ;
; Total DLLs                      ; 0 / 4 ( 0 % )                                   ;
+---------------------------------+-------------------------------------------------+


+-----------------------------------------+
; Flow Settings                           ;
+-------------------+---------------------+
; Option            ; Setting             ;
+-------------------+---------------------+
; Start date & time ; 11/15/2024 20:50:09 ;
; Main task         ; Compilation         ;
; Revision Name     ; neural_network_top  ;
+-------------------+---------------------+


+-------------------------------------------------------------------------------------------------------------------------+
; Flow Non-Default Global Settings                                                                                        ;
+-------------------------------------+----------------------------------------+---------------+-------------+------------+
; Assignment Name                     ; Value                                  ; Default Value ; Entity Name ; Section Id ;
+-------------------------------------+----------------------------------------+---------------+-------------+------------+
; COMPILER_SIGNATURE_ID               ; 84486698163371.173172180804416         ; --            ; --          ; --         ;
; MAX_CORE_JUNCTION_TEMP              ; 85                                     ; --            ; --          ; --         ;
; MIN_CORE_JUNCTION_TEMP              ; 0                                      ; --            ; --          ; --         ;
; PARTITION_COLOR                     ; -- (Not supported for targeted family) ; --            ; --          ; Top        ;
; PARTITION_FITTER_PRESERVATION_LEVEL ; -- (Not supported for targeted family) ; --            ; --          ; Top        ;
; PARTITION_NETLIST_TYPE              ; -- (Not supported for targeted family) ; --            ; --          ; Top        ;
; PROJECT_OUTPUT_DIRECTORY            ; output_files                           ; --            ; --          ; --         ;
+-------------------------------------+----------------------------------------+---------------+-------------+------------+


+--------------------------------------------------------------------------------------------------------------------------+
; Flow Elapsed Time                                                                                                        ;
+----------------------+--------------+-------------------------+---------------------+------------------------------------+
; Module Name          ; Elapsed Time ; Average Processors Used ; Peak Virtual Memory ; Total CPU Time (on all processors) ;
+----------------------+--------------+-------------------------+---------------------+------------------------------------+
; Analysis & Synthesis ; 00:00:11     ; 1.0                     ; 5007 MB             ; 00:00:16                           ;
; Fitter               ; 00:03:26     ; 1.2                     ; 8039 MB             ; 00:15:15                           ;
; Assembler            ; 00:00:05     ; 1.0                     ; 4922 MB             ; 00:00:05                           ;
; Timing Analyzer      ; 00:00:06     ; 5.4                     ; 5457 MB             ; 00:00:23                           ;
; Total                ; 00:03:48     ; --                      ; --                  ; 00:15:59                           ;
+----------------------+--------------+-------------------------+---------------------+------------------------------------+


+------------------------------------------------------------------------------------+
; Flow OS Summary                                                                    ;
+----------------------+------------------+------------+------------+----------------+
; Module Name          ; Machine Hostname ; OS Name    ; OS Version ; Processor type ;
+----------------------+------------------+------------+------------+----------------+
; Analysis & Synthesis ; BA3145WS18       ; Windows 10 ; 10.0       ; x86_64         ;
; Fitter               ; BA3145WS18       ; Windows 10 ; 10.0       ; x86_64         ;
; Assembler            ; BA3145WS18       ; Windows 10 ; 10.0       ; x86_64         ;
; Timing Analyzer      ; BA3145WS18       ; Windows 10 ; 10.0       ; x86_64         ;
+----------------------+------------------+------------+------------+----------------+


------------
; Flow Log ;
------------
quartus_map --read_settings_files=on --write_settings_files=off neural_network_top -c neural_network_top
quartus_fit --read_settings_files=off --write_settings_files=off neural_network_top -c neural_network_top
quartus_asm --read_settings_files=off --write_settings_files=off neural_network_top -c neural_network_top
quartus_sta neural_network_top -c neural_network_top



